This is pdfTeX, Version 3.141592653-2.6-1.40.27 (TeX Live 2026/dev/Arch Linux) (preloaded format=preamble 2025.10.4)  6 OCT 2025 14:53
entering extended mode
 restricted \write18 enabled.
 file:line:error style messages enabled.
 %&-line parsing enabled.
**main.tex
(./main.tex
LaTeX2e <2024-11-01> patch level 2
L3 programming layer <2025-01-18>
Package translations Info: No language package found. I am going to use `english' as default language. on input line 2.
(build/aux/main.aux)
\openout1 = `main.aux'.

LaTeX Font Info:    Checking defaults for OML/cmm/m/it on input line 2.
LaTeX Font Info:    ... okay on input line 2.
LaTeX Font Info:    Checking defaults for OMS/cmsy/m/n on input line 2.
LaTeX Font Info:    ... okay on input line 2.
LaTeX Font Info:    Checking defaults for OT1/cmr/m/n on input line 2.
LaTeX Font Info:    ... okay on input line 2.
LaTeX Font Info:    Checking defaults for T1/cmr/m/n on input line 2.
LaTeX Font Info:    ... okay on input line 2.
LaTeX Font Info:    Checking defaults for TS1/cmr/m/n on input line 2.
LaTeX Font Info:    ... okay on input line 2.
LaTeX Font Info:    Checking defaults for OMX/cmex/m/n on input line 2.
LaTeX Font Info:    ... okay on input line 2.
LaTeX Font Info:    Checking defaults for U/cmr/m/n on input line 2.
LaTeX Font Info:    ... okay on input line 2.
LaTeX Font Info:    Checking defaults for PD1/pdf/m/n on input line 2.
LaTeX Font Info:    ... okay on input line 2.
LaTeX Font Info:    Checking defaults for PU/pdf/m/n on input line 2.
LaTeX Font Info:    ... okay on input line 2.

*geometry* driver: auto-detecting
*geometry* detected driver: pdftex
*geometry* verbose mode - [ preamble ] result:
* driver: pdftex
* paper: letterpaper
* layout: <same size as paper>
* layoutoffset:(h,v)=(0.0pt,0.0pt)
* modes: 
* h-part:(L,W,R)=(85.35826pt, 443.57848pt, 85.35826pt)
* v-part:(T,H,B)=(56.9055pt, 681.15898pt, 56.9055pt)
* \paperwidth=614.295pt
* \paperheight=794.96999pt
* \textwidth=443.57848pt
* \textheight=681.15898pt
* \oddsidemargin=13.08827pt
* \evensidemargin=13.08827pt
* \topmargin=-52.36449pt
* \headheight=12.0pt
* \headsep=25.0pt
* \topskip=11.0pt
* \footskip=30.0pt
* \marginparwidth=49.79231pt
* \marginparsep=10.0pt
* \columnsep=10.0pt
* \skip\footins=10.0pt plus 4.0pt minus 2.0pt
* \hoffset=0.0pt
* \voffset=0.0pt
* \mag=1000
* \@twocolumnfalse
* \@twosidefalse
* \@mparswitchfalse
* \@reversemarginfalse
* (1in=72.27pt=25.4mm, 1cm=28.453pt)

Package hyperref Info: Link coloring ON on input line 2.
(build/aux/main.out) (build/aux/main.out)
\@outlinefile=\write4
\openout4 = `main.out'.

 (/usr/share/texmf-dist/tex/context/base/mkii/supp-pdf.mkii
[Loading MPS to PDF converter (version 2006.09.02).]
\scratchcounter=\count359
\scratchdimen=\dimen307
\scratchbox=\box84
\nofMPsegments=\count360
\nofMParguments=\count361
\everyMPshowfont=\toks56
\MPscratchCnt=\count362
\MPscratchDim=\dimen308
\MPnumerator=\count363
\makeMPintoPDFobject=\count364
\everyMPtoPDFconversion=\toks57
) (/usr/share/texmf-dist/tex/latex/epstopdf-pkg/epstopdf-base.sty
Package: epstopdf-base 2020-01-24 v2.11 Base part for package epstopdf
Package epstopdf-base Info: Redefining graphics rule for `.eps' on input line 485.
 (/usr/share/texmf-dist/tex/latex/latexconfig/epstopdf-sys.cfg
File: epstopdf-sys.cfg 2010/07/13 v1.3 Configuration of (r)epstopdf for TeX Live
))

Package siunitx Warning: Detected the "physics" package:
(siunitx)                omitting definition of \qty.
(siunitx)                
(siunitx)                If you want to use \qty with the siunitx definition,
(siunitx)                add 
(siunitx)                
(siunitx)                    \AtBeginDocument{\RenewCommandCopy\qty\SI}
(siunitx)                
(siunitx)                to your preamble.

(/usr/share/texmf-dist/tex/latex/translations/translations-basic-dictionary-english.trsl
File: translations-basic-dictionary-english.trsl (english translation file `translations-basic-dictionary')
)
Package translations Info: loading dictionary `translations-basic-dictionary' for `english'. on input line 2.

Package pgfplots notification 'compat/show suggested version=true': you might benefit from \pgfplotsset{compat=1.18} (current compat level: 1.13).

LaTeX Font Info:    Trying to load font information for U+msa on input line 12.
(/usr/share/texmf-dist/tex/latex/amsfonts/umsa.fd
File: umsa.fd 2013/01/14 v3.01 AMS symbols A
)
LaTeX Font Info:    Trying to load font information for U+msb on input line 12.
 (/usr/share/texmf-dist/tex/latex/amsfonts/umsb.fd
File: umsb.fd 2013/01/14 v3.01 AMS symbols B
)
Package mdframed Info: mdframed detected package amsthm 
 changed the theorem header of amsthm
(mdframed)              on input line 15.
Package hyperref Info: bookmark level for unknown definition defaults to 0 on input line 15.
Package hyperref Info: bookmark level for unknown example defaults to 0 on input line 36.
Package mdframed Info: mdframed detected package amsthm 
 changed the theorem header of amsthm
(mdframed)              on input line 62.
Package hyperref Info: bookmark level for unknown theorem defaults to 0 on input line 62.


[1{/var/lib/texmf/fonts/map/pdftex/updmap/pdftex.map}{/usr/share/texmf-dist/fonts/enc/dvips/cm-super/cm-super-t1.enc}]
Package mdframed Info: mdframed detected package amsthm 
 changed the theorem header of amsthm
(mdframed)              on input line 74.
Package hyperref Info: bookmark level for unknown replacementproof defaults to 0 on input line 74.

Overfull \hbox (6.26674pt too wide) in paragraph at lines 94--98
\T1/cmr/m/n/10.95 In the first and third terms, we can sub-sti-tute $[]\OT1/cmr/m/n/10.95 (\OML/cmm/m/it/10.95 ^^U\OT1/cmr/m/n/10.95 ) [] = \OML/cmm/m/it/10.95 E\OT1/cmr/m/n/10.95 (\OML/cmm/m/it/10.95 ^^U\OT1/cmr/m/n/10.95 ) []$ \T1/cmr/m/n/10.95 and $[] []\OT1/cmr/m/n/10.95 (\OML/cmm/m/it/10.95 ^^U\OT1/cmr/m/n/10.95 ) =
 []



[2]

Package hyperref Warning: Token not allowed in a PDF string (Unicode):
(hyperref)                removing `math shift' on input line 158.


Package hyperref Warning: Token not allowed in a PDF string (Unicode):
(hyperref)                removing `\bra' on input line 158.


Package hyperref Warning: Token not allowed in a PDF string (Unicode):
(hyperref)                removing `\begingroup' on input line 158.


Package hyperref Warning: Token not allowed in a PDF string (Unicode):
(hyperref)                removing `\endgroup' on input line 158.


Package hyperref Warning: Token not allowed in a PDF string (Unicode):
(hyperref)                removing `\@@over' on input line 158.


Package hyperref Warning: Token not allowed in a PDF string (Unicode):
(hyperref)                removing `superscript' on input line 158.


Package hyperref Warning: Token not allowed in a PDF string (Unicode):
(hyperref)                removing `\ket' on input line 158.


Package hyperref Warning: Token not allowed in a PDF string (Unicode):
(hyperref)                removing `math shift' on input line 158.

Package hyperref Info: bookmark level for unknown problem defaults to 0 on input line 161.
Package mdframed Info: mdframed detected package amsthm 
 changed the theorem header of amsthm
(mdframed)              on input line 176.
Package hyperref Info: bookmark level for unknown solution defaults to 0 on input line 176.


[3]
pdfTeX warning (ext4): destination with the same identifier (name{equation.1}) has been already used, duplicate ignored
<to be read again> 
                   \relax 
l.236 \begin{equation}
                       \label{eq:energy_taylor_expansion}
pdfTeX warning (ext4): destination with the same identifier (name{equation.1}) has been already used, duplicate ignored
<to be read again> 
                   \relax 
l.236 \begin{equation}
                       \label{eq:energy_taylor_expansion}
pdfTeX warning (ext4): destination with the same identifier (name{equation.1}) has been already used, duplicate ignored
<to be read again> 
                   \relax 
l.236 \begin{equation}
                       \label{eq:energy_taylor_expansion}
pdfTeX warning (ext4): destination with the same identifier (name{equation.1}) has been already used, duplicate ignored
<to be read again> 
                   \relax 
l.236 \begin{equation}
                       \label{eq:energy_taylor_expansion}
pdfTeX warning (ext4): destination with the same identifier (name{equation.2}) has been already used, duplicate ignored
<to be read again> 
                   \relax 
l.243 \begin{equation}
                       \label{eq:schrodinger_normalization_perturbed}
pdfTeX warning (ext4): destination with the same identifier (name{equation.2}) has been already used, duplicate ignored
<to be read again> 
                   \relax 
l.243 \begin{equation}
                       \label{eq:schrodinger_normalization_perturbed}
pdfTeX warning (ext4): destination with the same identifier (name{equation.2}) has been already used, duplicate ignored
<to be read again> 
                   \relax 
l.243 \begin{equation}
                       \label{eq:schrodinger_normalization_perturbed}
pdfTeX warning (ext4): destination with the same identifier (name{equation.2}) has been already used, duplicate ignored
<to be read again> 
                   \relax 
l.243 \begin{equation}
                       \label{eq:schrodinger_normalization_perturbed}
pdfTeX warning (ext4): destination with the same identifier (name{equation.3}) has been already used, duplicate ignored
<to be read again> 
                   \relax 
l.250 \begin{equation}
                       \label{eq:first_derivative_perturbation}
pdfTeX warning (ext4): destination with the same identifier (name{equation.3}) has been already used, duplicate ignored
<to be read again> 
                   \relax 
l.250 \begin{equation}
                       \label{eq:first_derivative_perturbation}
pdfTeX warning (ext4): destination with the same identifier (name{equation.3}) has been already used, duplicate ignored
<to be read again> 
                   \relax 
l.250 \begin{equation}
                       \label{eq:first_derivative_perturbation}
pdfTeX warning (ext4): destination with the same identifier (name{equation.3}) has been already used, duplicate ignored
<to be read again> 
                   \relax 
l.250 \begin{equation}
                       \label{eq:first_derivative_perturbation}
Package mdframed Info: mdframed detected package amsthm 
 changed the theorem header of amsthm
(mdframed)              on input line 259.

pdfTeX warning (ext4): destination with the same identifier (name{equation.4}) has been already used, duplicate ignored
<to be read again> 
                   \relax 
l.262     \begin{equation}
                           \label{eq:second_order_energy_correction}
pdfTeX warning (ext4): destination with the same identifier (name{equation.4}) has been already used, duplicate ignored
<to be read again> 
                   \relax 
l.262     \begin{equation}
                           \label{eq:second_order_energy_correction}
pdfTeX warning (ext4): destination with the same identifier (name{equation.4}) has been already used, duplicate ignored
<to be read again> 
                   \relax 
l.262     \begin{equation}
                           \label{eq:second_order_energy_correction}
pdfTeX warning (ext4): destination with the same identifier (name{equation.4}) has been already used, duplicate ignored
<to be read again> 
                   \relax 
l.262     \begin{equation}
                           \label{eq:second_order_energy_correction}

[4]
Package mdframed Info: mdframed detected package amsthm 
 changed the theorem header of amsthm
(mdframed)              on input line 271.

pdfTeX warning (ext4): destination with the same identifier (name{equation.5}) has been already used, duplicate ignored
<to be read again> 
                   \relax 
l.286     \end{align}
                     
pdfTeX warning (ext4): destination with the same identifier (name{equation.6}) has been already used, duplicate ignored
<to be read again> 
                   \relax 
l.299     \end{align}
                     
pdfTeX warning (ext4): destination with the same identifier (name{equation.7}) has been already used, duplicate ignored
<to be read again> 
                   \relax 
l.310     \end{align}
                     
pdfTeX warning (ext4): destination with the same identifier (name{equation.8}) has been already used, duplicate ignored
<to be read again> 
                   \relax 
l.317     \end{align}
                     
pdfTeX warning (ext4): destination with the same identifier (name{equation.9}) has been already used, duplicate ignored
<to be read again> 
                   \relax 
l.319     \begin{equation}
                           \label{eq:psi_deriv_equation}
pdfTeX warning (ext4): destination with the same identifier (name{equation.9}) has been already used, duplicate ignored
<to be read again> 
                   \relax 
l.319     \begin{equation}
                           \label{eq:psi_deriv_equation}
pdfTeX warning (ext4): destination with the same identifier (name{equation.9}) has been already used, duplicate ignored
<to be read again> 
                   \relax 
l.319     \begin{equation}
                           \label{eq:psi_deriv_equation}
pdfTeX warning (ext4): destination with the same identifier (name{equation.9}) has been already used, duplicate ignored
<to be read again> 
                   \relax 
l.319     \begin{equation}
                           \label{eq:psi_deriv_equation}
Overfull \hbox (4.37846pt too wide) in paragraph at lines 323--331
\T1/cmr/m/n/10.95 Since $[]$ is nor-mal-ized, $[] \OT1/cmr/m/n/10.95 = 1$\T1/cmr/m/n/10.95 . Dif-fer-en-ti-at-ing gives $[] [] \OT1/cmr/m/n/10.95 +
 []


pdfTeX warning (ext4): destination with the same identifier (name{equation.10}) has been already used, duplicate ignored
<to be read again> 
                   \relax 
l.331     \begin{equation}
                           \label{eq:psi_deriv_orthogonality}
pdfTeX warning (ext4): destination with the same identifier (name{equation.10}) has been already used, duplicate ignored
<to be read again> 
                   \relax 
l.331     \begin{equation}
                           \label{eq:psi_deriv_orthogonality}
pdfTeX warning (ext4): destination with the same identifier (name{equation.10}) has been already used, duplicate ignored
<to be read again> 
                   \relax 
l.331     \begin{equation}
                           \label{eq:psi_deriv_orthogonality}
pdfTeX warning (ext4): destination with the same identifier (name{equation.10}) has been already used, duplicate ignored
<to be read again> 
                   \relax 
l.331     \begin{equation}
                           \label{eq:psi_deriv_orthogonality}
pdfTeX warning (ext4): destination with the same identifier (name{equation.11}) has been already used, duplicate ignored
<to be read again> 
                   \relax 
l.345     \begin{equation}
                          
pdfTeX warning (ext4): destination with the same identifier (name{equation.11}) has been already used, duplicate ignored
<to be read again> 
                   \relax 
l.345     \begin{equation}
                          
pdfTeX warning (ext4): destination with the same identifier (name{equation.11}) has been already used, duplicate ignored
<to be read again> 
                   \relax 
l.345     \begin{equation}
                          
pdfTeX warning (ext4): destination with the same identifier (name{equation.11}) has been already used, duplicate ignored
<to be read again> 
                   \relax 
l.345     \begin{equation}
                          
pdfTeX warning (ext4): destination with the same identifier (name{equation.12}) has been already used, duplicate ignored
<to be read again> 
                   \relax 
l.356     \end{align}
                     
pdfTeX warning (ext4): destination with the same identifier (name{equation.13}) has been already used, duplicate ignored
<to be read again> 
                   \relax 
l.361     \end{align}
                     
pdfTeX warning (ext4): destination with the same identifier (name{equation.14}) has been already used, duplicate ignored
<to be read again> 
                   \relax 
l.363     \begin{equation}
                           \label{eq:psi_n_first_order_correction}
pdfTeX warning (ext4): destination with the same identifier (name{equation.14}) has been already used, duplicate ignored
<to be read again> 
                   \relax 
l.363     \begin{equation}
                           \label{eq:psi_n_first_order_correction}
pdfTeX warning (ext4): destination with the same identifier (name{equation.14}) has been already used, duplicate ignored
<to be read again> 
                   \relax 
l.363     \begin{equation}
                           \label{eq:psi_n_first_order_correction}
pdfTeX warning (ext4): destination with the same identifier (name{equation.14}) has been already used, duplicate ignored
<to be read again> 
                   \relax 
l.363     \begin{equation}
                           \label{eq:psi_n_first_order_correction}
pdfTeX warning (ext4): destination with the same identifier (name{equation.15}) has been already used, duplicate ignored
<to be read again> 
                   \relax 
l.377     \end{align}
                     
pdfTeX warning (ext4): destination with the same identifier (name{equation.16}) has been already used, duplicate ignored
<to be read again> 
                   \relax 
l.381     \begin{equation}
                           \label{eq:final_second_order_energy_correction_fo...
pdfTeX warning (ext4): destination with the same identifier (name{equation.16}) has been already used, duplicate ignored
<to be read again> 
                   \relax 
l.381     \begin{equation}
                           \label{eq:final_second_order_energy_correction_fo...
pdfTeX warning (ext4): destination with the same identifier (name{equation.16}) has been already used, duplicate ignored
<to be read again> 
                   \relax 
l.381     \begin{equation}
                           \label{eq:final_second_order_energy_correction_fo...
pdfTeX warning (ext4): destination with the same identifier (name{equation.16}) has been already used, duplicate ignored
<to be read again> 
                   \relax 
l.381     \begin{equation}
                           \label{eq:final_second_order_energy_correction_fo...
pdfTeX warning (ext4): destination with the same identifier (name{equation.17}) has been already used, duplicate ignored
<to be read again> 
                   \relax 
l.387     \begin{equation}
                          
pdfTeX warning (ext4): destination with the same identifier (name{equation.17}) has been already used, duplicate ignored
<to be read again> 
                   \relax 
l.387     \begin{equation}
                          
pdfTeX warning (ext4): destination with the same identifier (name{equation.17}) has been already used, duplicate ignored
<to be read again> 
                   \relax 
l.387     \begin{equation}
                          
pdfTeX warning (ext4): destination with the same identifier (name{equation.17}) has been already used, duplicate ignored
<to be read again> 
                   \relax 
l.387     \begin{equation}
                          
pdfTeX warning (ext4): destination with the same identifier (name{equation.18}) has been already used, duplicate ignored
<to be read again> 
                   \relax 
l.397     \end{align}
                     
Package mdframed Info: Box was splittet wrong
 starting loop to iterate the splitting point
(mdframed)              on input line 398.


[5]
Package mdframed Info: Box was splittet wrong
 starting loop to iterate the splitting point
(mdframed)              on input line 398.


[6]

[7]
Overfull \hbox (13.0265pt too wide) in paragraph at lines 475--480
\T1/cmr/m/n/10.95 This re-sult pre-cisely matches the Tay-lor ex-pan-sion of the ex-act en-ergy $\OML/cmm/m/it/10.95 E[]\OT1/cmr/m/n/10.95 (\OML/cmm/m/it/10.95 ^^N\OT1/cmr/m/n/10.95 ) = \U/msb/m/n/10.95 ~\OML/cmm/m/it/10.95 ! [] []$
 []

Package hyperref Info: bookmark level for unknown note defaults to 0 on input line 486.

pdfTeX warning (ext4): destination with the same identifier (name{equation.1}) has been already used, duplicate ignored
<to be read again> 
                   \relax 
l.489     \begin{equation}
                           \label{eq:resolvent_definition}
pdfTeX warning (ext4): destination with the same identifier (name{equation.1}) has been already used, duplicate ignored
<to be read again> 
                   \relax 
l.489     \begin{equation}
                           \label{eq:resolvent_definition}
pdfTeX warning (ext4): destination with the same identifier (name{equation.1}) has been already used, duplicate ignored
<to be read again> 
                   \relax 
l.489     \begin{equation}
                           \label{eq:resolvent_definition}
pdfTeX warning (ext4): destination with the same identifier (name{equation.1}) has been already used, duplicate ignored
<to be read again> 
                   \relax 
l.489     \begin{equation}
                           \label{eq:resolvent_definition}
Package mdframed Info: mdframed detected package amsthm 
 changed the theorem header of amsthm
(mdframed)              on input line 503.
Package hyperref Info: bookmark level for unknown lemma defaults to 0 on input line 503.

pdfTeX warning (ext4): destination with the same identifier (name{equation.2}) has been already used, duplicate ignored
<to be read again> 
                   \relax 
l.506     \begin{equation}
                           \label{eq:projector_orthogonality}
pdfTeX warning (ext4): destination with the same identifier (name{equation.2}) has been already used, duplicate ignored
<to be read again> 
                   \relax 
l.506     \begin{equation}
                           \label{eq:projector_orthogonality}
pdfTeX warning (ext4): destination with the same identifier (name{equation.2}) has been already used, duplicate ignored
<to be read again> 
                   \relax 
l.506     \begin{equation}
                           \label{eq:projector_orthogonality}
pdfTeX warning (ext4): destination with the same identifier (name{equation.2}) has been already used, duplicate ignored
<to be read again> 
                   \relax 
l.506     \begin{equation}
                           \label{eq:projector_orthogonality}
Package mdframed Info: mdframed detected package amsthm 
 changed the theorem header of amsthm
(mdframed)              on input line 511.

pdfTeX warning (ext4): destination with the same identifier (name{equation.3}) has been already used, duplicate ignored
<to be read again> 
                   \relax 
l.518     \end{align}
                     

[8]
Package mdframed Info: Not enough space on this page on input line 520.
Package mdframed Info: mdframed detected package amsthm 
 changed the theorem header of amsthm
(mdframed)              on input line 522.

pdfTeX warning (ext4): destination with the same identifier (name{equation.4}) has been already used, duplicate ignored
<to be read again> 
                   \relax 
l.525     \begin{equation}
                           \label{eq:completeness_relation}
pdfTeX warning (ext4): destination with the same identifier (name{equation.4}) has been already used, duplicate ignored
<to be read again> 
                   \relax 
l.525     \begin{equation}
                           \label{eq:completeness_relation}
pdfTeX warning (ext4): destination with the same identifier (name{equation.4}) has been already used, duplicate ignored
<to be read again> 
                   \relax 
l.525     \begin{equation}
                           \label{eq:completeness_relation}
pdfTeX warning (ext4): destination with the same identifier (name{equation.4}) has been already used, duplicate ignored
<to be read again> 
                   \relax 
l.525     \begin{equation}
                           \label{eq:completeness_relation}
Package mdframed Info: mdframed detected package amsthm 
 changed the theorem header of amsthm
(mdframed)              on input line 531.

pdfTeX warning (ext4): destination with the same identifier (name{equation.5}) has been already used, duplicate ignored
<to be read again> 
                   \relax 
l.532     \begin{equation}
                           \label{eq:H_P_i_relation}
pdfTeX warning (ext4): destination with the same identifier (name{equation.5}) has been already used, duplicate ignored
<to be read again> 
                   \relax 
l.532     \begin{equation}
                           \label{eq:H_P_i_relation}
pdfTeX warning (ext4): destination with the same identifier (name{equation.5}) has been already used, duplicate ignored
<to be read again> 
                   \relax 
l.532     \begin{equation}
                           \label{eq:H_P_i_relation}
pdfTeX warning (ext4): destination with the same identifier (name{equation.5}) has been already used, duplicate ignored
<to be read again> 
                   \relax 
l.532     \begin{equation}
                           \label{eq:H_P_i_relation}
Package mdframed Info: mdframed detected package amsthm 
 changed the theorem header of amsthm
(mdframed)              on input line 537.

pdfTeX warning (ext4): destination with the same identifier (name{equation.6}) has been already used, duplicate ignored
<to be read again> 
                   \relax 
l.548     \end{align}
                     
Package mdframed Info: mdframed detected package amsthm 
 changed the theorem header of amsthm
(mdframed)              on input line 553.
Package hyperref Info: bookmark level for unknown proposition defaults to 0 on input line 553.

pdfTeX warning (ext4): destination with the same identifier (name{equation.7}) has been already used, duplicate ignored
<to be read again> 
                   \relax 
l.556     \begin{equation}
                           \label{eq:resolvent_spectral_decomposition}
pdfTeX warning (ext4): destination with the same identifier (name{equation.7}) has been already used, duplicate ignored
<to be read again> 
                   \relax 
l.556     \begin{equation}
                           \label{eq:resolvent_spectral_decomposition}
pdfTeX warning (ext4): destination with the same identifier (name{equation.7}) has been already used, duplicate ignored
<to be read again> 
                   \relax 
l.556     \begin{equation}
                           \label{eq:resolvent_spectral_decomposition}
pdfTeX warning (ext4): destination with the same identifier (name{equation.7}) has been already used, duplicate ignored
<to be read again> 
                   \relax 
l.556     \begin{equation}
                           \label{eq:resolvent_spectral_decomposition}
Package mdframed Info: mdframed detected package amsthm 
 changed the theorem header of amsthm
(mdframed)              on input line 561.

pdfTeX warning (ext4): destination with the same identifier (name{equation.8}) has been already used, duplicate ignored
<to be read again> 
                   \relax 
l.568     \end{align}
                     
pdfTeX warning (ext4): destination with the same identifier (name{equation.9}) has been already used, duplicate ignored
<to be read again> 
                   \relax 
l.577     \end{align}
                     

[9]
Package mdframed Info: mdframed detected package amsthm 
 changed the theorem header of amsthm
(mdframed)              on input line 582.

pdfTeX warning (ext4): destination with the same identifier (name{equation.10}) has been already used, duplicate ignored
<to be read again> 
                   \relax 
l.585     \begin{equation}
                           \label{eq:resolvent_residue}
pdfTeX warning (ext4): destination with the same identifier (name{equation.10}) has been already used, duplicate ignored
<to be read again> 
                   \relax 
l.585     \begin{equation}
                           \label{eq:resolvent_residue}
pdfTeX warning (ext4): destination with the same identifier (name{equation.10}) has been already used, duplicate ignored
<to be read again> 
                   \relax 
l.585     \begin{equation}
                           \label{eq:resolvent_residue}
pdfTeX warning (ext4): destination with the same identifier (name{equation.10}) has been already used, duplicate ignored
<to be read again> 
                   \relax 
l.585     \begin{equation}
                           \label{eq:resolvent_residue}
Package mdframed Info: mdframed detected package amsthm 
 changed the theorem header of amsthm
(mdframed)              on input line 591.

pdfTeX warning (ext4): destination with the same identifier (name{equation.11}) has been already used, duplicate ignored
<to be read again> 
                   \relax 
l.600     \end{align}
                     
pdfTeX warning (ext4): destination with the same identifier (name{equation.12}) has been already used, duplicate ignored
<to be read again> 
                   \relax 
l.608     \end{align}
                     
Package mdframed Info: mdframed detected package amsthm 
 changed the theorem header of amsthm
(mdframed)              on input line 613.

pdfTeX warning (ext4): destination with the same identifier (name{equation.13}) has been already used, duplicate ignored
<to be read again> 
                   \relax 
l.617     \begin{equation}
                           \label{eq:projector_contour_integral}
pdfTeX warning (ext4): destination with the same identifier (name{equation.13}) has been already used, duplicate ignored
<to be read again> 
                   \relax 
l.617     \begin{equation}
                           \label{eq:projector_contour_integral}
pdfTeX warning (ext4): destination with the same identifier (name{equation.13}) has been already used, duplicate ignored
<to be read again> 
                   \relax 
l.617     \begin{equation}
                           \label{eq:projector_contour_integral}
pdfTeX warning (ext4): destination with the same identifier (name{equation.13}) has been already used, duplicate ignored
<to be read again> 
                   \relax 
l.617     \begin{equation}
                           \label{eq:projector_contour_integral}
pdfTeX warning (ext4): destination with the same identifier (name{equation.14}) has been already used, duplicate ignored
<to be read again> 
                   \relax 
l.621     \begin{equation}
                           \label{eq:H_projector_contour_integral}
pdfTeX warning (ext4): destination with the same identifier (name{equation.14}) has been already used, duplicate ignored
<to be read again> 
                   \relax 
l.621     \begin{equation}
                           \label{eq:H_projector_contour_integral}
pdfTeX warning (ext4): destination with the same identifier (name{equation.14}) has been already used, duplicate ignored
<to be read again> 
                   \relax 
l.621     \begin{equation}
                           \label{eq:H_projector_contour_integral}
pdfTeX warning (ext4): destination with the same identifier (name{equation.14}) has been already used, duplicate ignored
<to be read again> 
                   \relax 
l.621     \begin{equation}
                           \label{eq:H_projector_contour_integral}

[10]
Package mdframed Info: mdframed detected package amsthm 
 changed the theorem header of amsthm
(mdframed)              on input line 627.

pdfTeX warning (ext4): destination with the same identifier (name{equation.15}) has been already used, duplicate ignored
<to be read again> 
                   \relax 
l.641     \end{align}
                     
Package mdframed Info: mdframed detected package amsthm 
 changed the theorem header of amsthm
(mdframed)              on input line 646.

pdfTeX warning (ext4): destination with the same identifier (name{equation.16}) has been already used, duplicate ignored
<to be read again> 
                   \relax 
l.649     \begin{equation}
                           \label{eq:resolvent_norm}
pdfTeX warning (ext4): destination with the same identifier (name{equation.16}) has been already used, duplicate ignored
<to be read again> 
                   \relax 
l.649     \begin{equation}
                           \label{eq:resolvent_norm}
pdfTeX warning (ext4): destination with the same identifier (name{equation.16}) has been already used, duplicate ignored
<to be read again> 
                   \relax 
l.649     \begin{equation}
                           \label{eq:resolvent_norm}
pdfTeX warning (ext4): destination with the same identifier (name{equation.16}) has been already used, duplicate ignored
<to be read again> 
                   \relax 
l.649     \begin{equation}
                           \label{eq:resolvent_norm}
Package mdframed Info: mdframed detected package amsthm 
 changed the theorem header of amsthm
(mdframed)              on input line 656.

pdfTeX warning (ext4): destination with the same identifier (name{equation.17}) has been already used, duplicate ignored
<to be read again> 
                   \relax 
l.662     \end{align}
                     

[11]

Package hyperref Warning: Token not allowed in a PDF string (Unicode):
(hyperref)                removing `math shift' on input line 686.


Package hyperref Warning: Token not allowed in a PDF string (Unicode):
(hyperref)                removing `math shift' on input line 686.


Package hyperref Warning: Token not allowed in a PDF string (Unicode):
(hyperref)                removing `math shift' on input line 686.


Package hyperref Warning: Token not allowed in a PDF string (Unicode):
(hyperref)                removing `math shift' on input line 686.


Package hyperref Warning: Token not allowed in a PDF string (Unicode):
(hyperref)                removing `math shift' on input line 686.


Package hyperref Warning: Token not allowed in a PDF string (Unicode):
(hyperref)                removing `math shift' on input line 686.


Package hyperref Warning: Token not allowed in a PDF string (Unicode):
(hyperref)                removing `math shift' on input line 686.


Package hyperref Warning: Token not allowed in a PDF string (Unicode):
(hyperref)                removing `\lambda' on input line 686.


Package hyperref Warning: Token not allowed in a PDF string (Unicode):
(hyperref)                removing `math shift' on input line 686.

Package mdframed Info: mdframed detected package amsthm 
 changed the theorem header of amsthm
(mdframed)              on input line 687.

pdfTeX warning (ext4): destination with the same identifier (name{equation.18}) has been already used, duplicate ignored
<to be read again> 
                   \relax 
l.694     \end{align}
                     
pdfTeX warning (ext4): destination with the same identifier (name{equation.19}) has been already used, duplicate ignored
<to be read again> 
                   \relax 
l.694     \end{align}
                     
Package mdframed Info: mdframed detected package amsthm 
 changed the theorem header of amsthm
(mdframed)              on input line 697.

pdfTeX warning (ext4): destination with the same identifier (name{equation.20}) has been already used, duplicate ignored
<to be read again> 
                   \relax 
l.700     \begin{equation}
                           \label{eq:dyson_equation}
pdfTeX warning (ext4): destination with the same identifier (name{equation.20}) has been already used, duplicate ignored
<to be read again> 
                   \relax 
l.700     \begin{equation}
                           \label{eq:dyson_equation}
pdfTeX warning (ext4): destination with the same identifier (name{equation.20}) has been already used, duplicate ignored
<to be read again> 
                   \relax 
l.700     \begin{equation}
                           \label{eq:dyson_equation}
pdfTeX warning (ext4): destination with the same identifier (name{equation.20}) has been already used, duplicate ignored
<to be read again> 
                   \relax 
l.700     \begin{equation}
                           \label{eq:dyson_equation}
Package mdframed Info: mdframed detected package amsthm 
 changed the theorem header of amsthm
(mdframed)              on input line 705.

pdfTeX warning (ext4): destination with the same identifier (name{equation.21}) has been already used, duplicate ignored
<to be read again> 
                   \relax 
l.720     \end{align}
                     
Package mdframed Info: You first box width is to small
 mdframed fixed it
(mdframed)              on input line 721.


[12]
Package mdframed Info: mdframed detected package amsthm 
 changed the theorem header of amsthm
(mdframed)              on input line 723.

pdfTeX warning (ext4): destination with the same identifier (name{equation.22}) has been already used, duplicate ignored
<to be read again> 
                   \relax 
l.725     \begin{equation}
                           \label{eq:neumann_series_resolvent}
pdfTeX warning (ext4): destination with the same identifier (name{equation.22}) has been already used, duplicate ignored
<to be read again> 
                   \relax 
l.725     \begin{equation}
                           \label{eq:neumann_series_resolvent}
pdfTeX warning (ext4): destination with the same identifier (name{equation.22}) has been already used, duplicate ignored
<to be read again> 
                   \relax 
l.725     \begin{equation}
                           \label{eq:neumann_series_resolvent}
pdfTeX warning (ext4): destination with the same identifier (name{equation.22}) has been already used, duplicate ignored
<to be read again> 
                   \relax 
l.725     \begin{equation}
                           \label{eq:neumann_series_resolvent}
Package mdframed Info: mdframed detected package amsthm 
 changed the theorem header of amsthm
(mdframed)              on input line 732.

pdfTeX warning (ext4): destination with the same identifier (name{equation.23}) has been already used, duplicate ignored
<to be read again> 
                   \relax 
l.738     \end{align}
                     
Package mdframed Info: Box was splittet wrong
 starting loop to iterate the splitting point
(mdframed)              on input line 756.


[13]
Package mdframed Info: mdframed detected package amsthm 
 changed the theorem header of amsthm
(mdframed)              on input line 758.
Package mdframed Info: mdframed detected package amsthm 
 changed the theorem header of amsthm
(mdframed)              on input line 770.
Package mdframed Info: mdframed detected package amsthm 
 changed the theorem header of amsthm
(mdframed)              on input line 801.


[14]
Package mdframed Info: mdframed detected package amsthm 
 changed the theorem header of amsthm
(mdframed)              on input line 829.
Package mdframed Info: mdframed detected package amsthm 
 changed the theorem header of amsthm
(mdframed)              on input line 837.
Package mdframed Info: mdframed detected package amsthm 
 changed the theorem header of amsthm
(mdframed)              on input line 844.


[15]
Package mdframed Info: mdframed detected package amsthm 
 changed the theorem header of amsthm
(mdframed)              on input line 885.
Package mdframed Info: mdframed detected package amsthm 
 changed the theorem header of amsthm
(mdframed)              on input line 892.


[16]
Package mdframed Info: mdframed detected package amsthm 
 changed the theorem header of amsthm
(mdframed)              on input line 925.
Package mdframed Info: mdframed detected package amsthm 
 changed the theorem header of amsthm
(mdframed)              on input line 946.


[17]
Package mdframed Info: mdframed detected package amsthm 
 changed the theorem header of amsthm
(mdframed)              on input line 958.

Overfull \hbox (122.77206pt too wide) detected at line 981
[][]
 []



[18]
Overfull \hbox (5.26646pt too wide) detected at line 1038
[][][][] \OT1/cmr/m/n/10.95 = \OMS/cmsy/m/n/10.95 ^^@ [] [][][] [] [][] \OT1/cmr/m/n/10.95 = \OMS/cmsy/m/n/10.95 ^^@ [] [][][] [] [][]\OML/cmm/m/it/10.95 ;  []k[] \OT1/cmr/m/n/10.95 + [] + \OML/cmm/m/it/10.95 k[] \OT1/cmr/m/n/10.95 = \OML/cmm/m/it/10.95 n
 []



[19] (build/aux/main.aux)
 ***********
LaTeX2e <2024-11-01> patch level 2
L3 programming layer <2025-01-18>
 ***********
Package rerunfilecheck Info: File `main.out' has not changed.
(rerunfilecheck)             Checksum: A1DA4F040AA73CA02FEA3070566472DD;3027.
 ) 
Here is how much of TeX's memory you used:
 1417 strings out of 436769
 34983 string characters out of 4854491
 1468678 words of memory out of 5000000
 62032 multiletter control sequences out of 15000+600000
 577122 words of font info for 83 fonts, out of 8000000 for 9000
 14 hyphenation exceptions out of 8191
 49i,13n,59p,541b,1215s stack positions out of 10000i,1000n,20000p,200000b,200000s
</usr/share/texmf-dist/fonts/type1/public/amsfonts/cm/cmex10.pfb></usr/share/texmf-dist/fonts/type1/public/amsfonts/cmextra/cmex8.pfb></usr/share/texmf-dist/fonts/type1/public/amsfonts/cm/cmmi10.pfb></usr/share/texmf-dist/fonts/type1/public/amsfonts/cm/cmmi12.pfb></usr/share/texmf-dist/fonts/type1/public/amsfonts/cm/cmmi6.pfb></usr/share/texmf-dist/fonts/type1/public/amsfonts/cm/cmmi8.pfb></usr/share/texmf-dist/fonts/type1/public/amsfonts/cm/cmr10.pfb></usr/share/texmf-dist/fonts/type1/public/amsfonts/cm/cmr12.pfb></usr/share/texmf-dist/fonts/type1/public/amsfonts/cm/cmr6.pfb></usr/share/texmf-dist/fonts/type1/public/amsfonts/cm/cmr8.pfb></usr/share/texmf-dist/fonts/type1/public/amsfonts/cm/cmsy10.pfb></usr/share/texmf-dist/fonts/type1/public/amsfonts/cm/cmsy8.pfb></usr/share/texmf-dist/fonts/type1/public/amsfonts/symbols/msbm10.pfb></usr/share/texmf-dist/fonts/type1/public/cm-super/sfbx1095.pfb></usr/share/texmf-dist/fonts/type1/public/cm-super/sfbx1200.pfb></usr/share/texmf-dist/fonts/type1/public/cm-super/sfbx1440.pfb></usr/share/texmf-dist/fonts/type1/public/cm-super/sfrm1095.pfb></usr/share/texmf-dist/fonts/type1/public/cm-super/sfss1095.pfb></usr/share/texmf-dist/fonts/type1/public/cm-super/sfsx1095.pfb></usr/share/texmf-dist/fonts/type1/public/cm-super/sfti1095.pfb>
Output written on build/aux/main.pdf (19 pages, 337132 bytes).
PDF statistics:
 394 PDF objects out of 1000 (max. 8388607)
 329 compressed objects within 4 object streams
 144 named destinations out of 1000 (max. 500000)
 101 words of extra memory for PDF output out of 10000 (max. 10000000)

